<?xml version="1.0" encoding="UTF-8"?>
<testng-results ignored="0" total="1" passed="1" failed="0" skipped="0">
  <reporter-output>
  </reporter-output>
  <suite started-at="2025-02-24T11:01:46 IST" name="Default suite" finished-at="2025-02-24T11:01:51 IST" duration-ms="4880">
    <groups>
    </groups>
    <test started-at="2025-02-24T11:01:46 IST" name="Default test" finished-at="2025-02-24T11:01:51 IST" duration-ms="4880">
      <class name="Tests.Search">
        <test-method signature="test()[pri:0, instance:Tests.Search@1725dc0f]" started-at="2025-02-24T11:01:46 IST" name="test" finished-at="2025-02-24T11:01:51 IST" duration-ms="4826" status="PASS">
          <reporter-output>
          </reporter-output>
        </test-method> <!-- test -->
      </class> <!-- Tests.Search -->
    </test> <!-- Default test -->
  </suite> <!-- Default suite -->
</testng-results>
