<?xml version="1.0" encoding="UTF-8"?>
<!-- Generated by org.testng.reporters.JUnitXMLReporter -->
<testsuite ignored="12" hostname="JSP-LAPTOP" failures="0" tests="7" name="Test" time="17.552" errors="0" timestamp="2025-02-21T11:05:43 IST">
  <testcase classname="Tests.SignUpTest" name="SignUp" time="7.762"/>
  <testcase classname="Tests.SignInTest" name="signIn" time="2.978"/>
  <testcase classname="Tests.OrderPlaceTest" name="placeOrder" time="1.567"/>
  <testcase classname="Tests.ShoppingCartTest" name="ShoppingTest" time="0.622"/>
  <testcase classname="Tests.PaymentTest" name="paymentDetails" time="2.124"/>
  <testcase classname="Tests.OrderConfirmTest" name="OrderConfirm" time="1.067"/>
  <testcase classname="Tests.OrderDetailTest" name="OrderDetail" time="1.379"/>
  <testcase classname="Utility.DriversInit" name="@AfterSuite driverClose" time="0.0">
    <ignored/>
  </testcase> <!-- @AfterSuite driverClose -->
  <testcase classname="Utility.DriversInit" name="@AfterSuite driverClose" time="0.0">
    <ignored/>
  </testcase> <!-- @AfterSuite driverClose -->
  <testcase classname="Utility.DriversInit" name="@AfterSuite driverClose" time="0.0">
    <ignored/>
  </testcase> <!-- @AfterSuite driverClose -->
  <testcase classname="Utility.DriversInit" name="@AfterSuite driverClose" time="0.0">
    <ignored/>
  </testcase> <!-- @AfterSuite driverClose -->
  <testcase classname="Utility.DriversInit" name="@AfterSuite driverClose" time="0.0">
    <ignored/>
  </testcase> <!-- @AfterSuite driverClose -->
  <testcase classname="Utility.DriversInit" name="@AfterSuite driverClose" time="0.0">
    <ignored/>
  </testcase> <!-- @AfterSuite driverClose -->
  <testcase classname="Utility.DriversInit" name="@BeforeSuite driverSelection" time="0.0">
    <ignored/>
  </testcase> <!-- @BeforeSuite driverSelection -->
  <testcase classname="Utility.DriversInit" name="@BeforeSuite driverSelection" time="0.0">
    <ignored/>
  </testcase> <!-- @BeforeSuite driverSelection -->
  <testcase classname="Utility.DriversInit" name="@BeforeSuite driverSelection" time="0.0">
    <ignored/>
  </testcase> <!-- @BeforeSuite driverSelection -->
  <testcase classname="Utility.DriversInit" name="@BeforeSuite driverSelection" time="0.0">
    <ignored/>
  </testcase> <!-- @BeforeSuite driverSelection -->
  <testcase classname="Utility.DriversInit" name="@BeforeSuite driverSelection" time="0.0">
    <ignored/>
  </testcase> <!-- @BeforeSuite driverSelection -->
  <testcase classname="Utility.DriversInit" name="@BeforeSuite driverSelection" time="0.0">
    <ignored/>
  </testcase> <!-- @BeforeSuite driverSelection -->
</testsuite> <!-- Test -->
